<?xml version="1.0" encoding="UTF-8"?>
<ClinicalDocument xmlns:xsi="http://www.w3.org/2001/XMLSchema-instance" xmlns="urn:hl7-org:v3" xsi:schemaLocation="urn:hl7-org:v3 CDA.xsd">
  <realmCode code="US"/>
  <typeId root="2.16.840.1.113883.1.3" extension="1.1.1"/>
  <templateId root="2.16.840.1.113883.10.20.22.1.1"/>
  <templateId root="2.16.840.1.113883.10.20.22.1.2"/>
  <id root="2.16.840.1.113883.19.5" extension="978-98"/>
  <code code="34133-1" codeSystem="2.16.840.1.113883.6.1" codeSystemName="LOINC" displayName="Summarization of Episode Note"/>
  <title>ccd</title>
  <effectiveTime value="20000407130000+0500"/>
  <confidentialityCode code="aa" codeSystem="2.16.840.1.113883.5.25"/>
  <languageCode code="aa"/>
  <recordTarget>
    <patientRole>
      <id root="2.16.840.1.113883.19.5" extension="996-756-495"/>
      <addr use="BAD"><streetAddressLine>2005 K Street</streetAddressLine><city>Washington</city><state>DC</state><postalCode>20005</postalCode><country>USA</country></addr>
      <telecom value="1-800-000-0000"/>
      <patient>
        <name><given>Henry</given><family>Levin</family></name>
        <administrativeGenderCode code="M" codeSystem="2.16.840.1.113883.5.1"/>
        <birthTime value="19320924"/>
      </patient>
    </patientRole>
  </recordTarget>
  <author>
    <time/>
    <assignedAuthor>
      <id root="2.16.840.1.113883.4.6"/>
      <addr use="BAD"><streetAddressLine>2005 K street</streetAddressLine><city>Washington</city><state>DC</state><postalCode>20005</postalCode><country>USA</country></addr>
      <telecom value="1-800-000-0000"/>
      <assignedPerson>
        <name><given>Henry</given><family>Levin</family></name>
      </assignedPerson>
    </assignedAuthor>
  </author>
  <informant>
    <assignedEntity>
      <id root="2.16.840.1.113883.4.6"/>
      <assignedPerson>
        <name><given>Robert</given><family>Dolin</family></name>
      </assignedPerson>
      <representedOrganization>
        <id root="2.16.840.1.113883.4.6"/>
        <name>Good Health Clinic</name>
      </representedOrganization>
    </assignedEntity>
  </informant>
  <custodian>
    <assignedCustodian>
      <representedCustodianOrganization>
        <id root="2.16.840.1.113883.4.6"/>
        <name>Good Health Clinic</name>
        <telecom value="1-800-000-0000"/>
        <addr use="BAD"><streetAddressLine>2005 K street</streetAddressLine><city>Washington</city><state>DC</state><postalCode>20005</postalCode><country>USA</country></addr>
      </representedCustodianOrganization>
    </assignedCustodian>
  </custodian>
  <legalAuthenticator>
    <time/>
    <signatureCode code="S"/>
    <assignedEntity>
      <id root="2.16.840.1.113883.4.6"/>
      <addr use="BAD"><streetAddressLine>2005 K street</streetAddressLine><city>Washington</city><state>DC</state><postalCode>20005</postalCode><country>USA</country></addr>
      <telecom value="1-800-000-0000"/>
      <assignedPerson>
        <name><given>Blah</given><family>Blah</family></name>
      </assignedPerson>
    </assignedEntity>
  </legalAuthenticator>
  <documentationOf>
    <serviceEvent classCode="PCPR">
      <effectiveTime>
        <low value="19320924"/>
        <high value="20000407"/>
      </effectiveTime>
      <performer typeCode="PRF">
        <assignedEntity>
          <id root="20cf14fb-b65c-4c8c-a54d-b0cca834c18c"/>
          <assignedPerson>
            <name><given>Robert</given><family>Dolin</family></name>
          </assignedPerson>
          <representedOrganization>
            <id root="20cf14fb-b65c-4c8c-a54d-b0cca834c18c"/>
            <name>Good Health Clinic</name>
          </representedOrganization>
        </assignedEntity>
      </performer>
    </serviceEvent>
  </documentationOf>
  <component>
    <structuredBody>
      <component>
        <section>
          <templateId root="2.16.840.1.113883.10.20.22.2.6"/>
          <templateId root="2.16.840.1.113883.10.20.22.2.6.1"/>
          <code code="48765-2" codeSystem="2.16.840.1.113883.6.1"/>
          <title>Allergies</title>
          <text>Test</text>
          <entry>
            <act classCode="ACT" moodCode="EVN">
              <templateId root="2.16.840.1.113883.10.20.22.4.30"/>
              <id root="2413773c-2372-4299-bbe6-5b0f60664446"/>
              <code code="48765-2" codeSystem="2.16.840.1.113883.6.1"/>
              <statusCode code="55561003"/>
              <effectiveTime>
                <low value="20000328"/>
                <high value="20000323"/>
              </effectiveTime>
              <entryRelationship typeCode="SUBJ">
                <observation classCode="OBS" moodCode="EVN">
                  <templateId root="2.16.840.1.113883.10.20.22.4.7"/>
                  <id root="2413773c-2372-4299-bbe6-5b0f60664446"/>
                  <code code="ASSERTION" codeSystem="2.16.840.1.113883.5.4"/>
                  <statusCode code="completed"/>
                  <effectiveTime>
                    <low value="20000328"/>
                    <high value="20000328"/>
                  </effectiveTime>
                  <value xsi:type="CD" code="420134006" codeSystem="2.16.840.1.113883.6.96"/>
                  <entryRelationship typeCode="SUBJ" inversionInd="true">
                    <observation classCode="OBS" moodCode="EVN">
                      <templateId root="2.16.840.1.113883.10.20.22.4.8"/>
                      <code code="SEV" codeSystem="2.16.840.1.113883.5.4"/>
                      <statusCode code="completed"/>
                      <effectiveTime>
                        <center value="199911"/>
                      </effectiveTime>
                      <value xsi:type="CD" code="255604002" codeSystem="2.16.840.1.113883.6.96"/>
                      <interpretationCode codeSystem="2.16.840.1.113883.5.83" codeSystemName="ObservationInterpretation"/>
                    </observation>
                  </entryRelationship>
                </observation>
              </entryRelationship>
            </act>
          </entry>
        </section>
      </component>
      <component>
        <section>
          <templateId root="2.16.840.1.113883.10.20.22.2.1"/>
          <templateId root="2.16.840.1.113883.10.20.22.2.1.1"/>
          <code code="10160-0" codeSystem="2.16.840.1.113883.6.1"/>
          <title>Medications</title>
          <text>Structure Text Content Goes Here!
	More Structured Content Goes Here!
		Even More Structure Content Goes Here</text>
          <informant>
            <assignedEntity>
              <id root="2.16.840.1.113883.19.5" extension="996-756-495"/>
              <representedOrganization>
                <id root="2.16.840.1.113883.19.5"/>
                <name>Good Health Clinic</name>
              </representedOrganization>
            </assignedEntity>
          </informant>
          <entry>
            <substanceAdministration classCode="SBADM" moodCode="EVN">
              <templateId root="2.16.840.1.113883.10.20.22.4.16"/>
              <id root="cdbd33f0-6cde-11db-9fe1-0800200c9a66"/>
              <statusCode code="active"/>
              <effectiveTime xsi:type="IVL_TS"/>
              <routeCode code="IPINHL" codeSystem="2.16.840.1.113883.3.26.1.1" codeSystemName="RouteOfAdministration" displayName="Inhalation, oral"/>
              <approachSiteCode code="aa" codeSystem="2.16.840.1.113883.6.96"/>
              <doseQuantity value="2"/>
              <administrationUnitCode code="415215001" codeSystem="2.16.840.1.113883.6.96" displayName="Puff"/>
              <consumable>
                <manufacturedProduct classCode="MANU">
                  <templateId root="2.16.840.1.113883.10.20.22.4.23"/>
                  <manufacturedMaterial>
                    <code code="307782" codeSystem="2.16.840.1.113883.6.88" displayName="Albuterol 0.09 MG/ACTUAT inhalant solution">
                      <originalText>Albuterol inhalant</originalText>
                    </code>
                  </manufacturedMaterial>
                </manufacturedProduct>
              </consumable>
              <precondition>
                <templateId root="2.16.840.1.113883.10.20.22.4.25"/>
                <criterion>
                  <code code="ASSERTION" codeSystem="2.16.840.1.113883.5.4"/>
                  <value xsi:type="CE" code="56018004" codeSystem="2.16.840.1.113883.6.96"/>
                </criterion>
              </precondition>
            </substanceAdministration>
          </entry>
        </section>
      </component>
      <component>
        <section>
          <templateId root="2.16.840.1.113883.10.20.22.2.5"/>
          <templateId root="2.16.840.1.113883.10.20.22.2.5.1"/>
          <code code="11450-4" codeSystem="2.16.840.1.113883.6.1"/>
          <title>Problem</title>
          <text>test</text>
          <entry>
            <act classCode="ACT" moodCode="EVN">
              <templateId root="2.16.840.1.113883.10.20.22.4.3"/>
              <id root="2413773c-2372-4299-bbe6-5b0f60664446"/>
              <code code="CONC" codeSystem="2.16.840.1.113883.5.6"/>
              <statusCode code="completed"/>
              <effectiveTime>
                <low/>
              </effectiveTime>
              <entryRelationship typeCode="SUBJ">
                <observation classCode="OBS" moodCode="EVN">
                  <templateId root="2.16.840.1.113883.10.20.22.4.4"/>
                  <id root="2413773c-2372-4299-bbe6-5b0f60664446"/>
                  <code code="404684003" codeSystem="2.16.840.1.113883.6.96"/>
                  <statusCode code="completed"/>
                  <effectiveTime>
                    <center value="199911"/>
                  </effectiveTime>
                  <value xsi:type="CD" code="a" codeSystem="2.16.840.1.113883.6.96"/>
                </observation>
              </entryRelationship>
            </act>
          </entry>
        </section>
      </component>
      <component>
        <section>
          <templateId root="2.16.840.1.113883.10.20.22.2.7"/>
          <templateId root="2.16.840.1.113883.10.20.22.2.7.1"/>
          <code code="47519-4" codeSystem="2.16.840.1.113883.6.1"/>
          <title>Procedures</title>
          <text>Structure Text Content Goes Here!
	More Structured Content Goes Here!
		Even More Structure Content Goes Here</text>
          <entry>
            <act classCode="ACT" moodCode="EVN">
              <templateId root="2.16.840.1.113883.10.20.22.4.12"/>
              <id root="2413773c-2372-4299-bbe6-5b0f60664446"/>
              <code code="46680005" codeSystem="2.16.840.1.113883.6.96"/>
              <statusCode code="completed"/>
              <effectiveTime>
                <center value="199911"/>
              </effectiveTime>
              <priorityCode code="aaa" codeSystem="2.16.840.1.113883.5.7"/>
            </act>
          </entry>
        </section>
      </component>
      <component>
        <section>
          <templateId root="2.16.840.1.113883.10.20.22.2.3"/>
          <templateId root="2.16.840.1.113883.10.20.22.2.3.1"/>
          <code code="30954-2" codeSystem="2.16.840.1.113883.6.1"/>
          <title>Result</title>
          <text>Structure Text Content Goes Here!
	More Structured Content Goes Here!
		Even More Structure Content Goes Here</text>
          <entry>
            <organizer classCode="CLUSTER" moodCode="EVN">
              <templateId root="2.16.840.1.113883.10.20.22.4.1"/>
              <id root="2413773c-2372-4299-bbe6-5b0f60664446"/>
              <code code="46680005" codeSystem="2.16.840.1.113883.6.96"/>
              <statusCode code="completed"/>
              <effectiveTime>
                <center value="199911"/>
              </effectiveTime>
              <component>
                <observation classCode="OBS" moodCode="EVN">
                  <templateId root="2.16.840.1.113883.10.20.22.4.2"/>
                  <id root="2413773c-2372-4299-bbe6-5b0f60664446"/>
                  <code code="46680005" codeSystem="2.16.840.1.113883.6.96"/>
                  <statusCode code="completed"/>
                  <effectiveTime>
                    <center value="199911"/>
                  </effectiveTime>
                  <value xsi:type="PQ"/>
                </observation>
              </component>
            </organizer>
          </entry>
        </section>
      </component>
    </structuredBody>
  </component>
</ClinicalDocument>